  Compiling CUDA source file kernel.cu...
  
  C:\Users\ivanr\Documents\Visual Studio 2015\Projects\HammingPair\HammingPair>"C:\Program Files\NVIDIA GPU Computing Toolkit\CUDA\v8.0\bin\nvcc.exe" -gencode=arch=compute_30,code=\"sm_30,compute_30\" -gencode=arch=compute_20,code=\"sm_20,compute_20\" --use-local-env --cl-version 2015 -ccbin "C:\Program Files (x86)\Microsoft Visual Studio 14.0\VC\bin"  -I"C:\Program Files\NVIDIA GPU Computing Toolkit\CUDA\v8.0\include" -I"C:\Program Files\NVIDIA GPU Computing Toolkit\CUDA\v8.0\include"  -G   --keep-dir Debug -maxrregcount=0  --machine 32 --compile -cudart static  -g   -DWIN32 -D_DEBUG -D_CONSOLE -D_MBCS -Xcompiler "/EHsc /W3 /nologo /Od /FS /Zi /RTC1 /MDd " -o Debug\kernel.cu.obj "C:\Users\ivanr\Documents\Visual Studio 2015\Projects\HammingPair\HammingPair\kernel.cu" 
C:/Users/ivanr/Documents/Visual Studio 2015/Projects/HammingPair/HammingPair/kernel.cu(283): warning : variable "N" was declared but never referenced
C:/Users/ivanr/Documents/Visual Studio 2015/Projects/HammingPair/HammingPair/kernel.cu(337): warning : variable "N" was declared but never referenced
C:\Program Files\NVIDIA GPU Computing Toolkit\CUDA\v8.0\include\thrust/system/cuda/detail/synchronize.inl(35): warning : calling a __host__ function("cudaDeviceSynchronize") from a __host__ __device__ function("thrust::system::cuda::detail::synchronize") is not allowed
C:/Users/ivanr/Documents/Visual Studio 2015/Projects/HammingPair/HammingPair/kernel.cu(283): warning : variable "N" was declared but never referenced
C:/Users/ivanr/Documents/Visual Studio 2015/Projects/HammingPair/HammingPair/kernel.cu(337): warning : variable "N" was declared but never referenced
C:\Program Files\NVIDIA GPU Computing Toolkit\CUDA\v8.0\include\thrust/system/cuda/detail/synchronize.inl(35): warning : calling a __host__ function("cudaDeviceSynchronize") from a __host__ __device__ function("thrust::system::cuda::detail::synchronize") is not allowed
C:/Users/ivanr/Documents/Visual Studio 2015/Projects/HammingPair/HammingPair/kernel.cu(283): warning : variable "N" was declared but never referenced
C:/Users/ivanr/Documents/Visual Studio 2015/Projects/HammingPair/HammingPair/kernel.cu(337): warning : variable "N" was declared but never referenced
CUDACOMPILE : nvcc warning : The 'compute_20', 'sm_20', and 'sm_21' architectures are deprecated, and may be removed in a future release (Use -Wno-deprecated-gpu-targets to suppress warning).
  kernel.cu
C:/Users/ivanr/Documents/Visual Studio 2015/Projects/HammingPair/HammingPair/kernel.cu(149): warning C4018: '<': signed/unsigned mismatch
C:/Users/ivanr/Documents/Visual Studio 2015/Projects/HammingPair/HammingPair/kernel.cu(154): warning C4018: '>=': signed/unsigned mismatch
C:/Users/ivanr/Documents/Visual Studio 2015/Projects/HammingPair/HammingPair/kernel.cu(363): warning C4018: '<': signed/unsigned mismatch
C:/Users/ivanr/Documents/Visual Studio 2015/Projects/HammingPair/HammingPair/kernel.cu(370): warning C4018: '<': signed/unsigned mismatch
C:/Users/ivanr/Documents/Visual Studio 2015/Projects/HammingPair/HammingPair/kernel.cu(393): warning C4018: '<': signed/unsigned mismatch
C:/Users/ivanr/Documents/Visual Studio 2015/Projects/HammingPair/HammingPair/kernel.cu(452): warning C4018: '<': signed/unsigned mismatch
  HammingPair.vcxproj -> C:\Users\ivanr\Documents\Visual Studio 2015\Projects\HammingPair\Debug\HammingPair.exe
  HammingPair.vcxproj -> C:\Users\ivanr\Documents\Visual Studio 2015\Projects\HammingPair\Debug\HammingPair.pdb (Full PDB)
  copy "C:\Program Files\NVIDIA GPU Computing Toolkit\CUDA\v8.0\bin\cudart*.dll" "C:\Users\ivanr\Documents\Visual Studio 2015\Projects\HammingPair\Debug\"
  C:\Program Files\NVIDIA GPU Computing Toolkit\CUDA\v8.0\bin\cudart32_80.dll
  C:\Program Files\NVIDIA GPU Computing Toolkit\CUDA\v8.0\bin\cudart64_80.dll
          2 file(s) copied.
